android/proguard/seeds.txt
com.voyagegames.monkeymatch.R$attr: int buttonBarButtonStyle
com.voyagegames.monkeymatch.R$attr: int buttonBarStyle
com.voyagegames.monkeymatch.R$color: int black_overlay
com.voyagegames.monkeymatch.R$drawable: int ic_launcher
com.voyagegames.monkeymatch.R$id: int dummy_button
com.voyagegames.monkeymatch.R$id: int fullscreen_content
com.voyagegames.monkeymatch.R$id: int fullscreen_content_controls
com.voyagegames.monkeymatch.R$layout: int activity_main
com.voyagegames.monkeymatch.R$string: int app_name
com.voyagegames.monkeymatch.R$string: int dummy_button
com.voyagegames.monkeymatch.R$string: int dummy_content
com.voyagegames.monkeymatch.R$style: int AppBaseTheme
com.voyagegames.monkeymatch.R$style: int AppTheme
com.voyagegames.monkeymatch.R$style: int ButtonBar
com.voyagegames.monkeymatch.R$style: int ButtonBarButton
com.voyagegames.monkeymatch.R$style: int FullscreenActionBarStyle
com.voyagegames.monkeymatch.R$style: int FullscreenTheme
com.voyagegames.monkeymatch.R$styleable: int[] ButtonBarContainerTheme
com.voyagegames.monkeymatch.R$styleable: int ButtonBarContainerTheme_buttonBarButtonStyle
com.voyagegames.monkeymatch.R$styleable: int ButtonBarContainerTheme_buttonBarStyle
com.voyagegames.monkeymatch.android.MainActivity
com.voyagegames.monkeymatch.android.MainActivity: MainActivity()
com.voyagegames.monkeymatch.helpers.AudioManager$MusicSelection: com.voyagegames.monkeymatch.helpers.AudioManager$MusicSelection[] values()
com.voyagegames.monkeymatch.helpers.AudioManager$MusicSelection: com.voyagegames.monkeymatch.helpers.AudioManager$MusicSelection valueOf(java.lang.String)
com.voyagegames.monkeymatch.helpers.AudioManager$SoundSelection: com.voyagegames.monkeymatch.helpers.AudioManager$SoundSelection[] values()
com.voyagegames.monkeymatch.helpers.AudioManager$SoundSelection: com.voyagegames.monkeymatch.helpers.AudioManager$SoundSelection valueOf(java.lang.String)
...
com.badlogic.gdx.graphics.Pixmap$Format: com.badlogic.gdx.graphics.Pixmap$Format[] values()
com.badlogic.gdx.graphics.Pixmap$Format: com.badlogic.gdx.graphics.Pixmap$Format valueOf(java.lang.String)
com.badlogic.gdx.graphics.Texture$TextureFilter: com.badlogic.gdx.graphics.Texture$TextureFilter[] values()
com.badlogic.gdx.graphics.Texture$TextureFilter: com.badlogic.gdx.graphics.Texture$TextureFilter valueOf(java.lang.String)
com.badlogic.gdx.graphics.Texture$TextureWrap: com.badlogic.gdx.graphics.Texture$TextureWrap[] values()
com.badlogic.gdx.graphics.Texture$TextureWrap: com.badlogic.gdx.graphics.Texture$TextureWrap valueOf(java.lang.String)
com.badlogic.gdx.graphics.TextureData$TextureDataType: com.badlogic.gdx.graphics.TextureData$TextureDataType[] values()
com.badlogic.gdx.graphics.TextureData$TextureDataType: com.badlogic.gdx.graphics.TextureData$TextureDataType valueOf(java.lang.String)
com.badlogic.gdx.graphics.g2d.BitmapFont$HAlignment: com.badlogic.gdx.graphics.g2d.BitmapFont$HAlignment[] values()
com.badlogic.gdx.graphics.g2d.BitmapFont$HAlignment: com.badlogic.gdx.graphics.g2d.BitmapFont$HAlignment valueOf(java.lang.String)
com.badlogic.gdx.graphics.g2d.Gdx2DPixmap
com.badlogic.gdx.graphics.g2d.Gdx2DPixmap: java.nio.ByteBuffer load(long[],byte[],int,int,int)
com.badlogic.gdx.graphics.g2d.Gdx2DPixmap: java.nio.ByteBuffer newPixmap(long[],int,int,int)
com.badlogic.gdx.graphics.g2d.Gdx2DPixmap: void free(long)
com.badlogic.gdx.graphics.g2d.Gdx2DPixmap: void clear(long,int)
com.badlogic.gdx.graphics.g2d.Gdx2DPixmap: void setPixel(long,int,int,int)
com.badlogic.gdx.graphics.g2d.Gdx2DPixmap: int getPixel(long,int,int)
com.badlogic.gdx.graphics.g2d.Gdx2DPixmap: void drawLine(long,int,int,int,int,int)
com.badlogic.gdx.graphics.g2d.Gdx2DPixmap: void drawRect(long,int,int,int,int,int)
com.badlogic.gdx.graphics.g2d.Gdx2DPixmap: void drawCircle(long,int,int,int,int)
com.badlogic.gdx.graphics.g2d.Gdx2DPixmap: void fillRect(long,int,int,int,int,int)
com.badlogic.gdx.graphics.g2d.Gdx2DPixmap: void fillCircle(long,int,int,int,int)
com.badlogic.gdx.graphics.g2d.Gdx2DPixmap: void drawPixmap(long,long,int,int,int,int,int,int,int,int)
com.badlogic.gdx.graphics.g2d.Gdx2DPixmap: void setBlend(int)
com.badlogic.gdx.graphics.g2d.Gdx2DPixmap: void setScale(int)
com.badlogic.gdx.graphics.g2d.ParticleEmitter$SpawnEllipseSide: com.badlogic.gdx.graphics.g2d.ParticleEmitter$SpawnEllipseSide[] values()
com.badlogic.gdx.graphics.g2d.ParticleEmitter$SpawnEllipseSide: com.badlogic.gdx.graphics.g2d.ParticleEmitter$SpawnEllipseSide valueOf(java.lang.String)
com.badlogic.gdx.graphics.g2d.ParticleEmitter$SpawnShape: com.badlogic.gdx.graphics.g2d.ParticleEmitter$SpawnShape[] values()
com.badlogic.gdx.graphics.g2d.ParticleEmitter$SpawnShape: com.badlogic.gdx.graphics.g2d.ParticleEmitter$SpawnShape valueOf(java.lang.String)
com.badlogic.gdx.graphics.g3d.Animator$WrapMode: com.badlogic.gdx.graphics.g3d.Animator$WrapMode[] values()
com.badlogic.gdx.graphics.g3d.Animator$WrapMode: com.badlogic.gdx.graphics.g3d.Animator$WrapMode valueOf(java.lang.String)
com.badlogic.gdx.graphics.g3d.loaders.md5.MD5Jni
com.badlogic.gdx.graphics.g3d.loaders.md5.MD5Jni: void calculateVertices(float[],float[],float[],float[],int,int,int)