android/proguard/mapping.txt
com.voyagegames.monkeymatch.IApplicationProvider -> com.voyagegames.monkeymatch.a:
    java.io.InputStream openAsset(java.lang.String) -> a
    com.badlogic.gdx.audio.Music openMusic(java.lang.String) -> b
    com.badlogic.gdx.audio.Sound openSound(java.lang.String) -> c
    void finish() -> finish
com.voyagegames.monkeymatch.IDataProvider -> com.voyagegames.monkeymatch.b:
    int personalBest() -> a
    void setPersonalBest(int) -> a
com.voyagegames.monkeymatch.ILogger -> com.voyagegames.monkeymatch.c:
    void log(java.lang.Exception) -> a
com.voyagegames.monkeymatch.ScreenManager -> com.voyagegames.monkeymatch.d:
    com.voyagegames.monkeymatch.IApplicationProvider mApp -> a
    com.voyagegames.monkeymatch.ILogger mLogger -> b
    com.voyagegames.monkeymatch.IDataProvider mDataProvider -> c
    com.badlogic.gdx.graphics.FPSLogger mFPSLogger -> d
    com.voyagegames.monkeymatch.helpers.TextureManager mTextures -> e
    com.voyagegames.monkeymatch.helpers.AudioManager mAudio -> f
    com.badlogic.gdx.Screen mScreen -> g
    int mLevelCount -> h
    int mTotalScore -> i
    44:48:void create() -> a
    52:58:void render() -> b
    62:70:void dispose() -> e
    74:80:void pause() -> c
    84:90:void resize(int,int) -> a
    94:99:void resume() -> d
    103:160:void levelComplete(int) -> a
    165:185:void showOptions() -> g
    194:201:void exitSignaled() -> h
com.voyagegames.monkeymatch.android.DataProvider -> com.voyagegames.monkeymatch.android.a:
    com.voyagegames.monkeymatch.android.SQLiteScoreHelper mHelper -> a
    android.database.sqlite.SQLiteDatabase mDB -> b
    25:31:int personalBest() -> a
    36:39:void setPersonalBest(int) -> a
    42:77:java.util.List select() -> b
com.voyagegames.monkeymatch.android.Logger -> com.voyagegames.monkeymatch.android.b:
    16:17:void log(java.lang.Exception) -> a
com.voyagegames.monkeymatch.android.MainActivity -> com.voyagegames.monkeymatch.android.MainActivity:
    com.voyagegames.monkeymatch.ScreenManager mManager -> m
    23:30:void onCreate(android.os.Bundle) -> onCreate
    34:42:void finish() -> finish
    46:54:void onDestroy() -> onDestroy
    59:62:java.io.InputStream openAsset(java.lang.String) -> a
    68:68:com.badlogic.gdx.audio.Music openMusic(java.lang.String) -> b
    73:73:com.badlogic.gdx.audio.Sound openSound(java.lang.String) -> c
com.voyagegames.monkeymatch.android.SQLiteScoreHelper -> com.voyagegames.monkeymatch.android.c:
    java.lang.String TAG -> a
    25:26:void onCreate(android.database.sqlite.SQLiteDatabase) -> onCreate
    30:33:void onUpgrade(android.database.sqlite.SQLiteDatabase,int,int) -> onUpgrade
com.voyagegames.monkeymatch.helpers.AudioManager -> com.voyagegames.monkeymatch.a.a:
    com.voyagegames.monkeymatch.IApplicationProvider mApp -> a
    boolean mEnabled -> b
    float mVolume -> c
    com.voyagegames.monkeymatch.helpers.AudioManager$MusicSelection mMusic -> d
    com.badlogic.gdx.audio.Music mJungle -> e
    com.badlogic.gdx.audio.Music mWin -> f
    com.badlogic.gdx.audio.Sound mSuccess -> g
    com.badlogic.gdx.audio.Sound mFailure -> h
    com.badlogic.gdx.audio.Sound mApplause -> i
    int[] $SWITCH_TABLE$com$voyagegames$monkeymatch$helpers$AudioManager$MusicSelection -> j
    int[] $SWITCH_TABLE$com$voyagegames$monkeymatch$helpers$AudioManager$SoundSelection -> k
    40:40:boolean enabled() -> a
    65:84:void initialize() -> b
    87:111:void dispose() -> c
    114:128:boolean isMusicPlaying() -> d
    133:145:void stopMusic() -> e
    148:173:void playMusic(com.voyagegames.monkeymatch.helpers.AudioManager$MusicSelection) -> a
    176:197:void playSound(com.voyagegames.monkeymatch.helpers.AudioManager$SoundSelection) -> a
    7:7:int[] $SWITCH_TABLE$com$voyagegames$monkeymatch$helpers$AudioManager$MusicSelection() -> f
    7:7:int[] $SWITCH_TABLE$com$voyagegames$monkeymatch$helpers$AudioManager$SoundSelection() -> g
...
com.badlogic.gdx.math.Interpolation -> com.badlogic.gdx.math.b:
    com.badlogic.gdx.math.Interpolation linear -> a
    com.badlogic.gdx.math.Interpolation fade -> b
    com.badlogic.gdx.math.Interpolation$Pow pow2 -> c
    com.badlogic.gdx.math.Interpolation$PowIn pow2In -> d
    com.badlogic.gdx.math.Interpolation$PowOut pow2Out -> e
    com.badlogic.gdx.math.Interpolation$Pow pow3 -> f
    com.badlogic.gdx.math.Interpolation$PowIn pow3In -> g
    com.badlogic.gdx.math.Interpolation$PowOut pow3Out -> h
    com.badlogic.gdx.math.Interpolation$Pow pow4 -> i
    com.badlogic.gdx.math.Interpolation$PowIn pow4In -> j
    com.badlogic.gdx.math.Interpolation$PowOut pow4Out -> k
    com.badlogic.gdx.math.Interpolation$Pow pow5 -> l
    com.badlogic.gdx.math.Interpolation$PowIn pow5In -> m
    com.badlogic.gdx.math.Interpolation$PowOut pow5Out -> n
    com.badlogic.gdx.math.Interpolation sine -> o
    com.badlogic.gdx.math.Interpolation sineIn -> p
    com.badlogic.gdx.math.Interpolation sineOut -> q
    com.badlogic.gdx.math.Interpolation exp10 -> r
    com.badlogic.gdx.math.Interpolation exp10In -> s
    com.badlogic.gdx.math.Interpolation exp10Out -> t
    com.badlogic.gdx.math.Interpolation exp5 -> u
    com.badlogic.gdx.math.Interpolation exp5In -> v
    com.badlogic.gdx.math.Interpolation exp5Out -> w
    com.badlogic.gdx.math.Interpolation circle -> x
    com.badlogic.gdx.math.Interpolation circleIn -> y
    com.badlogic.gdx.math.Interpolation circleOut -> z
com.badlogic.gdx.math.Interpolation$1 -> com.badlogic.gdx.math.c:
    30:30:float apply(float) -> a
com.badlogic.gdx.math.Interpolation$2 -> com.badlogic.gdx.math.d:
    36:36:float apply(float) -> a
com.badlogic.gdx.math.Interpolation$3 -> com.badlogic.gdx.math.e:
    58:58:float apply(float) -> a
com.badlogic.gdx.math.Interpolation$4 -> com.badlogic.gdx.math.f:
    64:64:float apply(float) -> a
com.badlogic.gdx.math.Interpolation$5 -> com.badlogic.gdx.math.g:
    70:70:float apply(float) -> a
com.badlogic.gdx.math.Interpolation$6 -> com.badlogic.gdx.math.h:
    84:90:float apply(float) -> a
com.badlogic.gdx.math.Interpolation$7 -> com.badlogic.gdx.math.i:
    96:96:float apply(float) -> a
com.badlogic.gdx.math.Interpolation$8 -> com.badlogic.gdx.math.j:
    102:103:float apply(float) -> a
com.badlogic.gdx.math.Interpolation$Bounce -> com.badlogic.gdx.math.k:
    246:248:float out(float) -> b
    252:253:float apply(float) -> a
com.badlogic.gdx.math.Interpolation$BounceIn -> com.badlogic.gdx.math.l:
    336:336:float apply(float) -> a
com.badlogic.gdx.math.Interpolation$BounceOut -> com.badlogic.gdx.math.m:
    float[] widths -> J
    float[] heights -> K
    310:322:float apply(float) -> a
com.badlogic.gdx.math.Interpolation$Elastic -> com.badlogic.gdx.math.n:
    float value -> J
    float power -> K
    203:209:float apply(float) -> a
com.badlogic.gdx.math.Interpolation$ElasticIn -> com.badlogic.gdx.math.o:
    219:219:float apply(float) -> a
com.badlogic.gdx.math.Interpolation$ElasticOut -> com.badlogic.gdx.math.p:
    229:230:float apply(float) -> a
com.badlogic.gdx.math.Interpolation$Exp -> com.badlogic.gdx.math.q:
    float value -> J
    float power -> K
    float min -> L
    float scale -> M
    167:168:float apply(float) -> a
com.badlogic.gdx.math.Interpolation$ExpIn -> com.badlogic.gdx.math.r:
    178:178:float apply(float) -> a
com.badlogic.gdx.math.Interpolation$ExpOut -> com.badlogic.gdx.math.s:
    188:188:float apply(float) -> a
com.badlogic.gdx.math.Interpolation$Pow -> com.badlogic.gdx.math.t:
    int power -> J
    129:130:float apply(float) -> a
com.badlogic.gdx.math.Interpolation$PowIn -> com.badlogic.gdx.math.u:
    140:140:float apply(float) -> a
com.badlogic.gdx.math.Interpolation$PowOut -> com.badlogic.gdx.math.v:
    150:150:float apply(float) -> a
com.badlogic.gdx.math.Interpolation$Swing -> com.badlogic.gdx.math.w:
    float scale -> J
    350:356:float apply(float) -> a