android/proguard/usage.txt
com.voyagegames.monkeymatch.BuildConfig
com.voyagegames.monkeymatch.ILogger:
    public abstract void log(java.lang.String)
com.voyagegames.monkeymatch.R
com.voyagegames.monkeymatch.R$attr
com.voyagegames.monkeymatch.R$color
com.voyagegames.monkeymatch.R$drawable
com.voyagegames.monkeymatch.R$id
com.voyagegames.monkeymatch.R$layout
com.voyagegames.monkeymatch.R$string
com.voyagegames.monkeymatch.R$style
com.voyagegames.monkeymatch.R$styleable
com.voyagegames.monkeymatch.ScreenManager:
    private static final int MAX_LEVELS
    private static final int MAIN_MENU_LEVEL
    189:190:public void log(java.lang.String)
com.voyagegames.monkeymatch.StubDataProvider
com.voyagegames.monkeymatch.StubLogger
com.voyagegames.monkeymatch.android.Logger:
    11:12:public void log(java.lang.String)
com.voyagegames.monkeymatch.android.SQLiteScoreHelper:
    public static final java.lang.String TABLE_NAME
    public static final java.lang.String KEY_ID
    public static final java.lang.String KEY_VALUE
    private static final int DATABASE_VERSION
    private static final java.lang.String DATABASE_CREATE
com.voyagegames.monkeymatch.helpers.AudioManager:
    44:54:public void setEnabled(boolean)
    57:57:public float volume()
    61:62:public void setVolume(float)
com.voyagegames.monkeymatch.helpers.BackgroundImage
com.voyagegames.monkeymatch.helpers.PositionedTextureRegion
com.voyagegames.monkeymatch.helpers.TextureManager:
    private static final int NUM_PLUSSES
com.voyagegames.monkeymatch.screens.EndGameScreen:
    private static final float TROPHY_SCALE
    private static final float SCALE_SIZE
    private static final float LOGO_SCALE
    private static final float TIME_0
    private static final float TIME_1
    private static final float TIME_3
    private static final float TIME_4
    343:343:public boolean mouseMoved(int,int)
    349:349:public boolean scrolled(int)
com.voyagegames.monkeymatch.screens.LevelCallback:
    public abstract void log(java.lang.String)
com.voyagegames.monkeymatch.screens.LevelScreen:
    private static final int BONUS_SCORE
    private static final float LOGO_SCALE
    private static final float BASE_SCALE
    private static final float POINTS_OFFSET
    private static final float STANDARD_SCALING
    private static final float TOKEN_SPACING
    private static final float ROTATE_ANGLE
    private static final float SPAWN_TIME
    private static final float TIME_0
    private static final float TIME_1
    private static final float TIME_2
    private static final float TIME_3
    private static final float TIME_4
    private static final float TIME_5
    841:841:public boolean mouseMoved(int,int)
    847:847:public boolean scrolled(int)
com.voyagegames.monkeymatch.screens.OptionsScreen:
    private static final float SCALE_SIZE
    private static final float LOGO_SCALE
    private static final float BORDER_WIDTH
    private static final float TIME_0
    private static final float TIME_1
    private static final float TIME_3
    private static final float TIME_4
    255:255:public boolean mouseMoved(int,int)
    261:261:public boolean scrolled(int)
...
android.support.v4.view.accessibility.AccessibilityRecordCompat$AccessibilityRecordImpl
android.support.v4.view.accessibility.AccessibilityRecordCompat$AccessibilityRecordJellyBeanImpl
android.support.v4.view.accessibility.AccessibilityRecordCompat$AccessibilityRecordStubImpl
android.support.v4.view.accessibility.AccessibilityRecordCompatIcs
android.support.v4.view.accessibility.AccessibilityRecordCompatIcsMr1
android.support.v4.view.accessibility.AccessibilityRecordCompatJellyBean
android.support.v4.widget.CursorAdapter
android.support.v4.widget.CursorAdapter$1
android.support.v4.widget.CursorAdapter$ChangeObserver
android.support.v4.widget.CursorAdapter$MyDataSetObserver
android.support.v4.widget.CursorFilter
android.support.v4.widget.CursorFilter$CursorFilterClient
android.support.v4.widget.EdgeEffectCompat:
    204:204:public boolean onAbsorb(int)
android.support.v4.widget.EdgeEffectCompat$BaseEdgeEffectImpl:
    82:82:public boolean onAbsorb(java.lang.Object,int)
android.support.v4.widget.EdgeEffectCompat$EdgeEffectIcsImpl:
    116:116:public boolean onAbsorb(java.lang.Object,int)
android.support.v4.widget.EdgeEffectCompat$EdgeEffectImpl:
    public abstract boolean onAbsorb(java.lang.Object,int)
android.support.v4.widget.EdgeEffectCompatIcs:
    28:28:EdgeEffectCompatIcs()
    57:58:public static boolean onAbsorb(java.lang.Object,int)
android.support.v4.widget.ResourceCursorAdapter
android.support.v4.widget.ScrollerCompat
android.support.v4.widget.ScrollerCompat$ScrollerCompatImplIcs
android.support.v4.widget.ScrollerCompatIcs
android.support.v4.widget.SearchViewCompat
android.support.v4.widget.SearchViewCompat$OnQueryTextListenerCompat
android.support.v4.widget.SearchViewCompat$SearchViewCompatHoneycombImpl
android.support.v4.widget.SearchViewCompat$SearchViewCompatHoneycombImpl$1
android.support.v4.widget.SearchViewCompat$SearchViewCompatImpl
android.support.v4.widget.SearchViewCompat$SearchViewCompatStubImpl
android.support.v4.widget.SearchViewCompatHoneycomb
android.support.v4.widget.SearchViewCompatHoneycomb$1
android.support.v4.widget.SearchViewCompatHoneycomb$OnQueryTextListenerCompatBridge
android.support.v4.widget.SimpleCursorAdapter
android.support.v4.widget.SimpleCursorAdapter$CursorToStringConverter
android.support.v4.widget.SimpleCursorAdapter$ViewBinder
com.badlogic.gdx.Application:
    public static final int LOG_NONE
    public static final int LOG_DEBUG
    public static final int LOG_INFO
    public static final int LOG_ERROR
    public abstract com.badlogic.gdx.Audio getAudio()
    public abstract com.badlogic.gdx.Input getInput()
    public abstract com.badlogic.gdx.Files getFiles()
    public abstract com.badlogic.gdx.Net getNet()
    public abstract void log(java.lang.String,java.lang.String,java.lang.Exception)
    public abstract void error(java.lang.String,java.lang.String)
    public abstract void debug(java.lang.String,java.lang.String,java.lang.Throwable)
    public abstract void setLogLevel(int)
    public abstract int getVersion()
    public abstract long getJavaHeap()
    public abstract long getNativeHeap()
    public abstract com.badlogic.gdx.Preferences getPreferences(java.lang.String)
    public abstract com.badlogic.gdx.utils.Clipboard getClipboard()
    public abstract void postRunnable(java.lang.Runnable)
    public abstract void exit()
com.badlogic.gdx.ApplicationAdapter
com.badlogic.gdx.Audio:
    public abstract com.badlogic.gdx.audio.AudioDevice newAudioDevice(int,boolean)
    public abstract com.badlogic.gdx.audio.AudioRecorder newAudioRecorder(int,boolean)